[08/07/23 18:40:21] [ERROR] DCC_SendChannelMessage: could not prepare callback
[08/07/23 18:40:22] [ERROR] DCC_SendChannelMessage: could not prepare callback
[08/07/23 18:40:39] [ERROR] DCC_SendChannelMessage: could not prepare callback
[08/07/23 18:40:45] [ERROR] DCC_SendChannelMessage: could not prepare callback
[08/07/23 18:40:50] [ERROR] DCC_SendChannelMessage: could not prepare callback
[08/07/23 18:41:13] [ERROR] DCC_SendChannelMessage: could not prepare callback
[08/07/23 18:41:29] [ERROR] DCC_SendChannelMessage: could not prepare callback
[08/07/23 18:41:32] [ERROR] DCC_SendChannelMessage: could not prepare callback
[08/07/23 18:41:58] [ERROR] DCC_SendChannelMessage: could not prepare callback
[08/07/23 18:41:58] [ERROR] DCC_SendChannelMessage: could not prepare callback
[08/07/23 18:43:02] [ERROR] DCC_SendChannelMessage: could not prepare callback
[08/07/23 18:43:03] [ERROR] DCC_SendChannelMessage: could not prepare callback
[08/07/23 18:43:24] [WARNING] Unknown gateway event 'GUILD_AUDIT_LOG_ENTRY_CREATE'
[08/07/23 18:43:25] [WARNING] Unknown gateway event 'GUILD_AUDIT_LOG_ENTRY_CREATE'
[08/07/23 18:45:16] [ERROR] DCC_SendChannelMessage: could not prepare callback
[08/07/23 18:45:18] [ERROR] DCC_SendChannelMessage: could not prepare callback
[08/07/23 18:45:45] [ERROR] DCC_SendChannelMessage: could not prepare callback
[08/07/23 18:45:47] [ERROR] DCC_SendChannelMessage: could not prepare callback
[08/07/23 18:45:48] [ERROR] DCC_SendChannelMessage: could not prepare callback
[08/07/23 18:46:16] [ERROR] DCC_SendChannelMessage: could not prepare callback
[08/07/23 18:46:16] [ERROR] DCC_SendChannelMessage: could not prepare callback
[08/07/23 18:46:16] [ERROR] DCC_SendChannelMessage: could not prepare callback
[08/07/23 18:46:16] [ERROR] DCC_SendChannelMessage: could not prepare callback
[08/07/23 18:46:16] [ERROR] DCC_SendChannelMessage: could not prepare callback
[08/07/23 18:47:55] [WARNING] Unknown gateway event 'GUILD_AUDIT_LOG_ENTRY_CREATE'
[08/07/23 18:47:56] [WARNING] Unknown gateway event 'GUILD_AUDIT_LOG_ENTRY_CREATE'
[08/07/23 18:48:24] [ERROR] DCC_SendChannelMessage: could not prepare callback
[08/07/23 18:48:24] [ERROR] DCC_SendChannelMessage: could not prepare callback
[08/07/23 18:48:24] [ERROR] DCC_SendChannelMessage: could not prepare callback
[08/07/23 18:48:24] [ERROR] DCC_SendChannelMessage: could not prepare callback
[08/07/23 18:48:24] [ERROR] DCC_SendChannelMessage: could not prepare callback
[08/07/23 18:50:18] [WARNING] Unknown gateway event 'GUILD_AUDIT_LOG_ENTRY_CREATE'
[08/07/23 18:50:19] [WARNING] Unknown gateway event 'GUILD_AUDIT_LOG_ENTRY_CREATE'
[08/07/23 18:50:24] [WARNING] Unknown gateway event 'GUILD_AUDIT_LOG_ENTRY_CREATE'
[08/07/23 18:51:25] [WARNING] Unknown gateway event 'GUILD_AUDIT_LOG_ENTRY_CREATE'
[08/07/23 18:52:34] [WARNING] Unknown gateway event 'GUILD_AUDIT_LOG_ENTRY_CREATE'
[08/07/23 18:53:20] [WARNING] Unknown gateway event 'GUILD_AUDIT_LOG_ENTRY_CREATE'
[08/07/23 18:59:30] [ERROR] DCC_SendChannelMessage: could not prepare callback
[08/07/23 18:59:42] [ERROR] DCC_SendChannelMessage: could not prepare callback
[08/07/23 18:59:58] [ERROR] DCC_SendChannelMessage: could not prepare callback
[08/07/23 19:00:04] [ERROR] DCC_SendChannelMessage: could not prepare callback
[08/07/23 20:22:29] [ERROR] DCC_SendChannelMessage: could not prepare callback
[08/07/23 20:24:00] [ERROR] DCC_SendChannelMessage: could not prepare callback
[08/07/23 20:25:54] [ERROR] DCC_SendChannelMessage: could not prepare callback
[08/07/23 20:26:16] [ERROR] DCC_SendChannelMessage: could not prepare callback
[08/07/23 20:40:05] [ERROR] DCC_SendChannelMessage: could not prepare callback
[08/07/23 20:40:23] [ERROR] DCC_SendChannelMessage: could not prepare callback
[08/07/23 20:42:00] [ERROR] DCC_SendChannelMessage: could not prepare callback
[08/07/23 21:07:54] [ERROR] DCC_HasGuildMemberRole: invalid guild id '0'
[08/07/23 21:09:05] [ERROR] can't update guild member presence: user id "1126331565505515731" not cached
[08/07/23 21:11:33] [ERROR] DCC_HasGuildMemberRole: invalid guild id '0'
[08/07/23 21:33:22] [WARNING] Unknown gateway event 'GUILD_AUDIT_LOG_ENTRY_CREATE'
[08/07/23 21:33:32] [ERROR] DCC_HasGuildMemberRole: invalid guild id '0'
[08/07/23 21:33:32] [ERROR] DCC_AddGuildMemberRole: invalid guild id '0'
[08/07/23 21:39:02] [WARNING] Unknown gateway event 'GUILD_AUDIT_LOG_ENTRY_CREATE'
[08/07/23 21:47:47] [ERROR] DCC_HasGuildMemberRole: invalid guild id '0'
[08/07/23 21:47:47] [ERROR] DCC_AddGuildMemberRole: invalid guild id '0'
[08/07/23 21:59:19] [WARNING] Unknown gateway event 'CHANNEL_TOPIC_UPDATE'
[08/07/23 21:59:19] [WARNING] Unknown gateway event 'VOICE_CHANNEL_STATUS_UPDATE'
[08/07/23 23:28:48] [WARNING] Unknown gateway event 'GUILD_AUDIT_LOG_ENTRY_CREATE'
[08/07/23 23:29:01] [WARNING] Unknown gateway event 'GUILD_AUDIT_LOG_ENTRY_CREATE'
[08/08/23 00:38:00] [WARNING] Unknown gateway event 'GUILD_AUDIT_LOG_ENTRY_CREATE'
[08/08/23 00:38:20] [WARNING] Unknown gateway event 'GUILD_AUDIT_LOG_ENTRY_CREATE'
[08/08/23 13:08:04] [WARNING] Unknown gateway event 'GUILD_AUDIT_LOG_ENTRY_CREATE'
[08/08/23 13:09:08] [ERROR] DCC_HasGuildMemberRole: invalid guild id '0'
[08/08/23 13:09:50] [ERROR] DCC_HasGuildMemberRole: invalid guild id '0'
[08/08/23 14:33:22] [ERROR] DCC_HasGuildMemberRole: invalid guild id '0'
[08/08/23 14:43:44] [ERROR] Error while retrieving HTTP POST response from '/api/v8/channels/1137798750622990532/messages': end of stream
[08/08/23 14:52:59] [ERROR] DCC_HasGuildMemberRole: invalid guild id '0'
[08/08/23 14:58:04] [ERROR] DCC_HasGuildMemberRole: invalid guild id '0'
[08/08/23 15:02:26] [ERROR] DCC_HasGuildMemberRole: invalid guild id '0'
[08/08/23 15:33:48] [ERROR] DCC_HasGuildMemberRole: invalid guild id '0'
[08/08/23 15:33:53] [WARNING] Unknown gateway event 'GUILD_AUDIT_LOG_ENTRY_CREATE'
[08/08/23 23:31:59] [ERROR] DCC_HasGuildMemberRole: invalid guild id '0'
[08/08/23 23:31:59] [ERROR] DCC_AddGuildMemberRole: invalid guild id '0'
[08/08/23 23:32:05] [WARNING] Unknown gateway event 'GUILD_AUDIT_LOG_ENTRY_CREATE'
[08/08/23 23:35:56] [WARNING] Unknown gateway event 'GUILD_AUDIT_LOG_ENTRY_CREATE'
[08/08/23 23:37:08] [WARNING] Unknown gateway event 'GUILD_AUDIT_LOG_ENTRY_CREATE'
[08/08/23 23:40:35] [ERROR] DCC_HasGuildMemberRole: invalid guild id '0'
[08/08/23 23:40:35] [ERROR] DCC_AddGuildMemberRole: invalid guild id '0'
[08/08/23 23:40:44] [WARNING] Unknown gateway event 'GUILD_AUDIT_LOG_ENTRY_CREATE'
[08/08/23 23:46:45] [ERROR] DCC_HasGuildMemberRole: invalid guild id '0'
[08/08/23 23:46:45] [ERROR] DCC_AddGuildMemberRole: invalid guild id '0'
[08/08/23 23:46:51] [WARNING] Unknown gateway event 'GUILD_AUDIT_LOG_ENTRY_CREATE'
[08/08/23 23:47:03] [WARNING] Unknown gateway event 'GUILD_AUDIT_LOG_ENTRY_CREATE'
[08/08/23 23:47:07] [WARNING] Unknown gateway event 'GUILD_AUDIT_LOG_ENTRY_CREATE'
[08/08/23 23:52:25] [ERROR] DCC_HasGuildMemberRole: invalid guild id '0'
[08/08/23 23:53:16] [ERROR] DCC_HasGuildMemberRole: invalid guild id '0'
[08/08/23 23:53:16] [ERROR] DCC_AddGuildMemberRole: invalid guild id '0'
[08/08/23 23:53:28] [ERROR] DCC_HasGuildMemberRole: invalid guild id '0'
[08/08/23 23:53:37] [ERROR] DCC_HasGuildMemberRole: invalid guild id '0'
[08/08/23 23:53:37] [ERROR] DCC_AddGuildMemberRole: invalid guild id '0'
[08/09/23 00:01:37] [ERROR] DCC_HasGuildMemberRole: invalid guild id '0'
[08/09/23 00:01:53] [ERROR] DCC_HasGuildMemberRole: invalid guild id '0'
[08/09/23 00:02:05] [WARNING] Unknown gateway event 'GUILD_AUDIT_LOG_ENTRY_CREATE'
[08/09/23 00:02:15] [ERROR] DCC_HasGuildMemberRole: invalid guild id '0'
[08/09/23 00:05:58] [ERROR] DCC_HasGuildMemberRole: invalid guild id '0'
[08/09/23 00:07:03] [WARNING] Unknown gateway event 'GUILD_AUDIT_LOG_ENTRY_CREATE'
[08/09/23 00:07:17] [ERROR] DCC_HasGuildMemberRole: invalid guild id '0'
[08/09/23 00:10:36] [ERROR] DCC_HasGuildMemberRole: invalid guild id '0'
[08/09/23 00:10:36] [ERROR] DCC_AddGuildMemberRole: invalid guild id '0'
[08/09/23 00:10:42] [ERROR] DCC_HasGuildMemberRole: invalid guild id '0'
[08/09/23 00:10:45] [ERROR] DCC_HasGuildMemberRole: invalid guild id '0'
[08/09/23 00:10:47] [ERROR] DCC_HasGuildMemberRole: invalid guild id '0'
[08/09/23 00:10:58] [ERROR] DCC_HasGuildMemberRole: invalid guild id '0'
[08/09/23 00:11:08] [ERROR] DCC_HasGuildMemberRole: invalid guild id '0'
[08/09/23 00:13:34] [ERROR] DCC_HasGuildMemberRole: invalid guild id '0'
[08/09/23 00:13:42] [ERROR] DCC_HasGuildMemberRole: invalid guild id '0'
[08/09/23 00:14:17] [WARNING] Unknown gateway event 'GUILD_AUDIT_LOG_ENTRY_CREATE'
[08/09/23 00:14:21] [ERROR] DCC_HasGuildMemberRole: invalid guild id '0'
[08/09/23 00:17:14] [WARNING] Unknown gateway event 'GUILD_AUDIT_LOG_ENTRY_CREATE'
[08/09/23 00:18:30] [WARNING] Unknown gateway event 'GUILD_AUDIT_LOG_ENTRY_CREATE'
[08/09/23 00:19:14] [WARNING] Unknown gateway event 'GUILD_AUDIT_LOG_ENTRY_CREATE'
[08/09/23 00:19:44] [WARNING] Unknown gateway event 'GUILD_AUDIT_LOG_ENTRY_CREATE'
[08/09/23 00:19:52] [WARNING] Unknown gateway event 'GUILD_AUDIT_LOG_ENTRY_CREATE'
[08/09/23 00:19:54] [WARNING] Unknown gateway event 'GUILD_AUDIT_LOG_ENTRY_CREATE'
[08/09/23 00:19:59] [WARNING] Unknown gateway event 'GUILD_AUDIT_LOG_ENTRY_CREATE'
[08/09/23 00:20:09] [WARNING] Unknown gateway event 'GUILD_AUDIT_LOG_ENTRY_CREATE'
[08/09/23 00:20:18] [WARNING] Unknown gateway event 'GUILD_AUDIT_LOG_ENTRY_CREATE'
[08/09/23 00:20:28] [WARNING] Unknown gateway event 'GUILD_AUDIT_LOG_ENTRY_CREATE'
[08/09/23 00:20:34] [WARNING] Unknown gateway event 'GUILD_AUDIT_LOG_ENTRY_CREATE'
[08/09/23 00:20:41] [WARNING] Unknown gateway event 'GUILD_AUDIT_LOG_ENTRY_CREATE'
[08/09/23 00:20:48] [WARNING] Unknown gateway event 'GUILD_AUDIT_LOG_ENTRY_CREATE'
[08/09/23 00:20:55] [WARNING] Unknown gateway event 'GUILD_AUDIT_LOG_ENTRY_CREATE'
[08/09/23 00:21:03] [WARNING] Unknown gateway event 'GUILD_AUDIT_LOG_ENTRY_CREATE'
[08/09/23 00:21:07] [WARNING] Unknown gateway event 'GUILD_AUDIT_LOG_ENTRY_CREATE'
[08/09/23 00:21:13] [WARNING] Unknown gateway event 'GUILD_AUDIT_LOG_ENTRY_CREATE'
[08/09/23 00:21:17] [WARNING] Unknown gateway event 'GUILD_AUDIT_LOG_ENTRY_CREATE'
[08/09/23 00:21:21] [WARNING] Unknown gateway event 'GUILD_AUDIT_LOG_ENTRY_CREATE'
[08/09/23 00:21:27] [WARNING] Unknown gateway event 'GUILD_AUDIT_LOG_ENTRY_CREATE'
[08/09/23 00:21:31] [WARNING] Unknown gateway event 'GUILD_AUDIT_LOG_ENTRY_CREATE'
[08/09/23 00:21:35] [WARNING] Unknown gateway event 'GUILD_AUDIT_LOG_ENTRY_CREATE'
[08/09/23 00:21:42] [WARNING] Unknown gateway event 'GUILD_AUDIT_LOG_ENTRY_CREATE'
[08/09/23 00:21:46] [WARNING] Unknown gateway event 'GUILD_AUDIT_LOG_ENTRY_CREATE'
[08/09/23 00:21:52] [WARNING] Unknown gateway event 'GUILD_AUDIT_LOG_ENTRY_CREATE'
[08/09/23 00:21:55] [WARNING] Unknown gateway event 'GUILD_AUDIT_LOG_ENTRY_CREATE'
[08/09/23 00:22:02] [WARNING] Unknown gateway event 'GUILD_AUDIT_LOG_ENTRY_CREATE'
[08/09/23 00:22:07] [WARNING] Unknown gateway event 'GUILD_AUDIT_LOG_ENTRY_CREATE'
[08/09/23 00:22:12] [WARNING] Unknown gateway event 'GUILD_AUDIT_LOG_ENTRY_CREATE'
[08/09/23 00:22:16] [WARNING] Unknown gateway event 'GUILD_AUDIT_LOG_ENTRY_CREATE'
[08/09/23 12:17:46] [WARNING] Unknown gateway event 'GUILD_AUDIT_LOG_ENTRY_CREATE'
[08/09/23 12:17:54] [WARNING] Unknown gateway event 'GUILD_AUDIT_LOG_ENTRY_CREATE'
[08/09/23 12:17:57] [WARNING] Unknown gateway event 'GUILD_AUDIT_LOG_ENTRY_CREATE'
[08/09/23 15:59:59] [WARNING] Unknown gateway event 'GUILD_AUDIT_LOG_ENTRY_CREATE'
[08/09/23 21:45:12] [WARNING] Unknown gateway event 'GUILD_AUDIT_LOG_ENTRY_CREATE'
[08/09/23 21:50:05] [WARNING] Unknown gateway event 'GUILD_AUDIT_LOG_ENTRY_CREATE'
[08/09/23 21:55:11] [WARNING] Unknown gateway event 'GUILD_AUDIT_LOG_ENTRY_CREATE'
[08/09/23 21:58:29] [WARNING] Unknown gateway event 'GUILD_AUDIT_LOG_ENTRY_CREATE'
[08/09/23 21:59:20] [WARNING] Unknown gateway event 'GUILD_AUDIT_LOG_ENTRY_CREATE'
[08/09/23 22:56:46] [ERROR] Error while retrieving HTTP POST response from '/api/v8/channels/1137798750622990532/messages': end of stream
[08/10/23 00:46:30] [ERROR] can't update guild member presence: user id "885828361526579210" not cached
[08/10/23 22:23:06] [WARNING] Unknown gateway event 'GUILD_AUDIT_LOG_ENTRY_CREATE'
[08/10/23 22:23:06] [WARNING] Unknown gateway event 'GUILD_AUDIT_LOG_ENTRY_CREATE'
[08/10/23 22:29:45] [ERROR] Error while retrieving HTTP POST response from '/api/v8/channels/1138076935642169384/messages': end of stream
[08/12/23 11:11:22] [WARNING] Unknown gateway event 'GUILD_AUDIT_LOG_ENTRY_CREATE'
[08/12/23 11:11:34] [WARNING] Unknown gateway event 'GUILD_AUDIT_LOG_ENTRY_CREATE'
[08/12/23 17:16:54] [WARNING] Unknown gateway event 'GUILD_AUDIT_LOG_ENTRY_CREATE'
[08/12/23 17:25:41] [WARNING] Unknown gateway event 'GUILD_AUDIT_LOG_ENTRY_CREATE'
[08/12/23 17:25:45] [WARNING] Unknown gateway event 'GUILD_AUDIT_LOG_ENTRY_CREATE'
[08/12/23 17:27:01] [WARNING] Unknown gateway event 'GUILD_AUDIT_LOG_ENTRY_CREATE'
[08/13/23 14:55:09] [WARNING] Unknown gateway event 'GUILD_AUDIT_LOG_ENTRY_CREATE'
[08/13/23 14:55:16] [WARNING] Unknown gateway event 'GUILD_AUDIT_LOG_ENTRY_CREATE'
[08/13/23 14:55:23] [WARNING] Unknown gateway event 'GUILD_AUDIT_LOG_ENTRY_CREATE'
[08/13/23 23:09:55] [WARNING] Unknown gateway event 'GUILD_AUDIT_LOG_ENTRY_CREATE'
[08/13/23 23:10:01] [WARNING] Unknown gateway event 'GUILD_AUDIT_LOG_ENTRY_CREATE'
[08/13/23 23:10:01] [WARNING] Unknown gateway event 'GUILD_AUDIT_LOG_ENTRY_CREATE'
[08/13/23 23:10:05] [WARNING] Unknown gateway event 'GUILD_AUDIT_LOG_ENTRY_CREATE'
[08/14/23 13:29:14] [ERROR] Can't read from Discord websocket gateway: The semaphore timeout period has expired (121)
[08/14/23 13:29:14] [ERROR] Can't write to Discord websocket gateway: The I/O operation has been aborted because of either a thread exit or an application request (995)
[08/14/23 13:29:14] [ERROR] Can't resolve Discord gateway URL 'gateway.discord.gg': No such host is known (11001)
[08/14/23 13:29:19] [ERROR] Can't resolve Discord gateway URL 'gateway.discord.gg': No such host is known (11001)
[08/14/23 13:29:29] [ERROR] Can't resolve Discord gateway URL 'gateway.discord.gg': No such host is known (11001)
[08/14/23 13:29:44] [ERROR] Can't resolve Discord gateway URL 'gateway.discord.gg': No such host is known (11001)
[08/14/23 22:24:06] [WARNING] Unknown gateway event 'GUILD_AUDIT_LOG_ENTRY_CREATE'
[08/14/23 22:24:17] [WARNING] Unknown gateway event 'GUILD_AUDIT_LOG_ENTRY_CREATE'
[08/14/23 22:35:14] [WARNING] Unknown gateway event 'GUILD_AUDIT_LOG_ENTRY_CREATE'
[08/14/23 22:40:43] [WARNING] Unknown gateway event 'GUILD_AUDIT_LOG_ENTRY_CREATE'
[08/14/23 22:45:53] [WARNING] Unknown gateway event 'GUILD_AUDIT_LOG_ENTRY_CREATE'
[08/14/23 22:45:55] [WARNING] Unknown gateway event 'GUILD_AUDIT_LOG_ENTRY_CREATE'
[08/14/23 22:47:53] [WARNING] Unknown gateway event 'GUILD_AUDIT_LOG_ENTRY_CREATE'
[08/14/23 22:56:00] [WARNING] Unknown gateway event 'GUILD_AUDIT_LOG_ENTRY_CREATE'
[08/14/23 22:56:58] [WARNING] Unknown gateway event 'GUILD_AUDIT_LOG_ENTRY_CREATE'
[08/14/23 23:33:41] [WARNING] Unknown gateway event 'GUILD_AUDIT_LOG_ENTRY_CREATE'
[08/14/23 23:34:14] [WARNING] Unknown gateway event 'GUILD_AUDIT_LOG_ENTRY_CREATE'
[08/14/23 23:37:49] [WARNING] Unknown gateway event 'GUILD_AUDIT_LOG_ENTRY_CREATE'
[08/15/23 10:24:21] [ERROR] can't update guild member presence: user id "832861618832146433" not cached
[08/15/23 11:11:03] [WARNING] Unknown gateway event 'GUILD_AUDIT_LOG_ENTRY_CREATE'
[08/15/23 12:39:51] [WARNING] Unknown gateway event 'GUILD_AUDIT_LOG_ENTRY_CREATE'
[08/15/23 12:39:57] [WARNING] Unknown gateway event 'GUILD_AUDIT_LOG_ENTRY_CREATE'
[08/15/23 12:40:00] [WARNING] Unknown gateway event 'GUILD_AUDIT_LOG_ENTRY_CREATE'
[08/15/23 12:41:06] [WARNING] Unknown gateway event 'GUILD_AUDIT_LOG_ENTRY_CREATE'
[08/15/23 12:57:49] [WARNING] Unknown gateway event 'GUILD_AUDIT_LOG_ENTRY_CREATE'
[08/15/23 12:57:53] [WARNING] Unknown gateway event 'GUILD_AUDIT_LOG_ENTRY_CREATE'
[08/15/23 13:51:47] [ERROR] Error while retrieving HTTP POST response from '/api/v8/channels/1137798750622990532/messages': end of stream
[08/15/23 13:57:29] [WARNING] Unknown gateway event 'GUILD_AUDIT_LOG_ENTRY_CREATE'
[08/15/23 13:58:48] [WARNING] Unknown gateway event 'CHANNEL_TOPIC_UPDATE'
[08/15/23 13:58:48] [WARNING] Unknown gateway event 'VOICE_CHANNEL_STATUS_UPDATE'
[08/15/23 16:17:04] [ERROR] Can't write to Discord websocket gateway: The I/O operation has been aborted because of either a thread exit or an application request (995)
[08/15/23 16:26:14] [WARNING] Unknown gateway event 'GUILD_AUDIT_LOG_ENTRY_CREATE'
[08/15/23 17:22:39] [ERROR] Can't write to Discord websocket gateway: The I/O operation has been aborted because of either a thread exit or an application request (995)
[08/15/23 19:05:59] [WARNING] Unknown gateway event 'GUILD_AUDIT_LOG_ENTRY_CREATE'
[08/15/23 19:08:10] [WARNING] Unknown gateway event 'GUILD_AUDIT_LOG_ENTRY_CREATE'
[08/15/23 22:04:21] [WARNING] Unknown gateway event 'GUILD_AUDIT_LOG_ENTRY_CREATE'
[08/15/23 22:05:11] [WARNING] Unknown gateway event 'GUILD_AUDIT_LOG_ENTRY_CREATE'
[08/16/23 10:47:17] [ERROR] Error while retrieving HTTP POST response from '/api/v8/channels/1138076935642169384/messages': end of stream
[08/16/23 10:56:26] [WARNING] Unknown gateway event 'INTEGRATION_DELETE'
[08/16/23 10:56:26] [WARNING] Unknown gateway event 'GUILD_AUDIT_LOG_ENTRY_CREATE'
[08/16/23 10:56:26] [WARNING] Unknown gateway event 'GUILD_AUDIT_LOG_ENTRY_CREATE'
[08/16/23 10:58:54] [ERROR] Can't read from Discord websocket gateway: End of file (2)
[08/16/23 10:58:54] [ERROR] Can't write to Discord websocket gateway: The I/O operation has been aborted because of either a thread exit or an application request (995)
[08/16/23 10:58:58] [WARNING] Unknown gateway event 'INTEGRATION_CREATE'
[08/16/23 10:58:59] [WARNING] Unknown gateway event 'GUILD_AUDIT_LOG_ENTRY_CREATE'
[08/16/23 10:58:59] [WARNING] Unknown gateway event 'GUILD_AUDIT_LOG_ENTRY_CREATE'
[08/16/23 10:59:33] [WARNING] Unknown gateway event 'GUILD_AUDIT_LOG_ENTRY_CREATE'
[08/16/23 10:59:38] [WARNING] Unknown gateway event 'GUILD_AUDIT_LOG_ENTRY_CREATE'
[08/16/23 11:00:23] [WARNING] Unknown gateway event 'GUILD_AUDIT_LOG_ENTRY_CREATE'
[08/16/23 11:00:23] [WARNING] Unknown gateway event 'GUILD_AUDIT_LOG_ENTRY_CREATE'
[08/16/23 11:00:43] [WARNING] Unknown gateway event 'INTEGRATION_DELETE'
[08/16/23 11:00:43] [WARNING] Unknown gateway event 'GUILD_AUDIT_LOG_ENTRY_CREATE'
[08/16/23 11:00:43] [WARNING] Unknown gateway event 'GUILD_AUDIT_LOG_ENTRY_CREATE'
[08/16/23 11:01:21] [WARNING] Unknown gateway event 'INTEGRATION_CREATE'
[08/16/23 11:01:21] [WARNING] Unknown gateway event 'GUILD_AUDIT_LOG_ENTRY_CREATE'
[08/16/23 11:01:21] [WARNING] Unknown gateway event 'GUILD_AUDIT_LOG_ENTRY_CREATE'
[08/16/23 11:03:35] [WARNING] Unknown gateway event 'GUILD_AUDIT_LOG_ENTRY_CREATE'
[08/16/23 11:03:35] [WARNING] Unknown gateway event 'GUILD_AUDIT_LOG_ENTRY_CREATE'
[08/16/23 11:03:58] [WARNING] Unknown gateway event 'GUILD_AUDIT_LOG_ENTRY_CREATE'
[08/16/23 11:04:12] [WARNING] Unknown gateway event 'GUILD_AUDIT_LOG_ENTRY_CREATE'
[08/16/23 11:06:55] [WARNING] Unknown gateway event 'GUILD_AUDIT_LOG_ENTRY_CREATE'
[08/16/23 11:07:23] [WARNING] Unknown gateway event 'GUILD_AUDIT_LOG_ENTRY_CREATE'
[08/16/23 16:13:03] [ERROR] Error while retrieving HTTP POST response from '/api/v8/channels/1139860050739998770/messages': end of stream
[08/16/23 23:19:17] [ERROR] Error while retrieving HTTP POST response from '/api/v8/channels/1137740601887031326/messages': end of stream
[08/17/23 00:18:44] [ERROR] Error while retrieving HTTP POST response from '/api/v8/channels/1137798750622990532/messages': end of stream
[08/17/23 00:18:46] [ERROR] Discord terminated websocket connection; reason: CloudFlare WebSocket proxy restarting (1001)
[08/17/23 00:18:46] [ERROR] Can't write to Discord websocket gateway: The I/O operation has been aborted because of either a thread exit or an application request (995)
[08/17/23 21:04:01] [WARNING] Unknown gateway event 'CHANNEL_TOPIC_UPDATE'
[08/17/23 21:04:01] [WARNING] Unknown gateway event 'VOICE_CHANNEL_STATUS_UPDATE'
[08/17/23 21:45:53] [WARNING] Unknown gateway event 'GUILD_AUDIT_LOG_ENTRY_CREATE'
[08/17/23 21:46:34] [WARNING] Unknown gateway event 'GUILD_AUDIT_LOG_ENTRY_CREATE'
[08/17/23 21:47:35] [WARNING] Unknown gateway event 'GUILD_AUDIT_LOG_ENTRY_CREATE'
[08/17/23 22:01:33] [WARNING] Unknown gateway event 'GUILD_AUDIT_LOG_ENTRY_CREATE'
[08/17/23 22:02:07] [WARNING] Unknown gateway event 'GUILD_AUDIT_LOG_ENTRY_CREATE'
[08/17/23 22:02:11] [WARNING] Unknown gateway event 'GUILD_AUDIT_LOG_ENTRY_CREATE'
[08/17/23 22:03:54] [ERROR] Error while retrieving HTTP POST response from '/api/v8/channels/1138076935642169384/messages': end of stream
[08/17/23 22:03:56] [WARNING] Unknown gateway event 'GUILD_AUDIT_LOG_ENTRY_CREATE'
[08/17/23 22:50:15] [WARNING] Unknown gateway event 'GUILD_AUDIT_LOG_ENTRY_CREATE'
[08/17/23 22:50:20] [WARNING] Unknown gateway event 'GUILD_AUDIT_LOG_ENTRY_CREATE'
[08/17/23 22:56:28] [WARNING] Unknown gateway event 'GUILD_AUDIT_LOG_ENTRY_CREATE'
[08/17/23 22:56:31] [WARNING] Unknown gateway event 'GUILD_AUDIT_LOG_ENTRY_CREATE'
[08/17/23 22:56:46] [WARNING] Unknown gateway event 'GUILD_AUDIT_LOG_ENTRY_CREATE'
[08/17/23 22:59:10] [WARNING] Unknown gateway event 'GUILD_AUDIT_LOG_ENTRY_CREATE'
[08/18/23 12:04:28] [WARNING] Unknown gateway event 'GUILD_AUDIT_LOG_ENTRY_CREATE'
[08/18/23 12:05:23] [WARNING] Unknown gateway event 'GUILD_AUDIT_LOG_ENTRY_CREATE'
[08/18/23 12:05:41] [WARNING] Unknown gateway event 'GUILD_AUDIT_LOG_ENTRY_CREATE'
[08/18/23 12:18:47] [WARNING] Unknown gateway event 'GUILD_AUDIT_LOG_ENTRY_CREATE'
[08/18/23 12:18:51] [WARNING] Unknown gateway event 'GUILD_AUDIT_LOG_ENTRY_CREATE'
[08/18/23 12:18:55] [WARNING] Unknown gateway event 'GUILD_AUDIT_LOG_ENTRY_CREATE'
[08/18/23 12:35:29] [WARNING] Unknown gateway event 'GUILD_AUDIT_LOG_ENTRY_CREATE'
[08/18/23 12:38:44] [WARNING] Unknown gateway event 'GUILD_AUDIT_LOG_ENTRY_CREATE'
[08/18/23 12:43:21] [WARNING] Unknown gateway event 'GUILD_AUDIT_LOG_ENTRY_CREATE'
[08/18/23 12:43:35] [WARNING] Unknown gateway event 'GUILD_AUDIT_LOG_ENTRY_CREATE'
[08/18/23 12:46:24] [WARNING] Unknown gateway event 'GUILD_AUDIT_LOG_ENTRY_CREATE'
[08/18/23 12:46:29] [WARNING] Unknown gateway event 'GUILD_AUDIT_LOG_ENTRY_CREATE'
[08/19/23 10:00:43] [ERROR] can't update guild member presence: user id "743498510980087940" not cached
[08/19/23 11:26:51] [ERROR] Error while retrieving HTTP POST response from '/api/v8/channels/1137798750622990532/messages': end of stream
[08/20/23 11:27:39] [ERROR] Error while retrieving HTTP POST response from '/api/v8/channels/1138076935642169384/messages': end of stream
[08/20/23 11:28:26] [WARNING] Unknown gateway event 'GUILD_AUDIT_LOG_ENTRY_CREATE'
[08/20/23 11:29:21] [WARNING] Unknown gateway event 'GUILD_AUDIT_LOG_ENTRY_CREATE'
[08/20/23 20:21:11] [WARNING] Unknown gateway event 'GUILD_AUDIT_LOG_ENTRY_CREATE'
[08/20/23 20:22:51] [WARNING] Unknown gateway event 'GUILD_AUDIT_LOG_ENTRY_CREATE'
[08/20/23 20:22:53] [WARNING] Unknown gateway event 'GUILD_AUDIT_LOG_ENTRY_CREATE'
[08/20/23 20:23:07] [WARNING] Unknown gateway event 'GUILD_AUDIT_LOG_ENTRY_CREATE'
[08/20/23 20:38:24] [WARNING] Unknown gateway event 'GUILD_AUDIT_LOG_ENTRY_CREATE'
[08/20/23 20:38:41] [WARNING] Unknown gateway event 'GUILD_AUDIT_LOG_ENTRY_CREATE'
[08/20/23 20:46:54] [WARNING] Unknown gateway event 'GUILD_AUDIT_LOG_ENTRY_CREATE'
[08/20/23 21:04:10] [ERROR] Error while retrieving HTTP POST response from '/api/v8/channels/1138076935642169384/messages': end of stream
[08/20/23 21:04:11] [WARNING] Unknown gateway event 'GUILD_AUDIT_LOG_ENTRY_CREATE'
[08/20/23 21:06:48] [WARNING] Unknown gateway event 'GUILD_AUDIT_LOG_ENTRY_CREATE'
[08/21/23 10:50:50] [ERROR] Can't write to Discord websocket gateway: The I/O operation has been aborted because of either a thread exit or an application request (995)
[08/22/23 10:05:23] [ERROR] Got a 429 from path '/api/v8/channels/1137740601887031326/messages' (bucket '1d3c67957bcdccc6709861c232df8529') this should not happen.
[08/22/23 10:05:55] [ERROR] Can't read from Discord websocket gateway: End of file (2)
[08/22/23 10:05:55] [ERROR] Can't write to Discord websocket gateway: The I/O operation has been aborted because of either a thread exit or an application request (995)
[08/22/23 10:14:59] [WARNING] Unknown gateway event 'GUILD_AUDIT_LOG_ENTRY_CREATE'
[08/22/23 10:18:56] [WARNING] Unknown gateway event 'GUILD_AUDIT_LOG_ENTRY_CREATE'
[08/22/23 10:19:13] [WARNING] Unknown gateway event 'GUILD_AUDIT_LOG_ENTRY_CREATE'
[08/22/23 10:27:23] [WARNING] Unknown gateway event 'GUILD_AUDIT_LOG_ENTRY_CREATE'
[08/22/23 15:02:56] [WARNING] Unknown gateway event 'GUILD_AUDIT_LOG_ENTRY_CREATE'
[08/22/23 17:43:16] [ERROR] Error while retrieving HTTP POST response from '/api/v8/channels/1137798750622990532/messages': end of stream
[08/22/23 17:46:18] [WARNING] Unknown gateway event 'GUILD_AUDIT_LOG_ENTRY_CREATE'
[08/22/23 17:46:32] [WARNING] Unknown gateway event 'GUILD_AUDIT_LOG_ENTRY_CREATE'
[08/22/23 17:47:01] [WARNING] Unknown gateway event 'GUILD_AUDIT_LOG_ENTRY_CREATE'
[08/22/23 17:47:25] [WARNING] Unknown gateway event 'GUILD_AUDIT_LOG_ENTRY_CREATE'
[08/22/23 17:47:54] [WARNING] Unknown gateway event 'GUILD_AUDIT_LOG_ENTRY_CREATE'
[08/22/23 17:48:01] [WARNING] Unknown gateway event 'GUILD_AUDIT_LOG_ENTRY_CREATE'
[08/22/23 17:49:11] [WARNING] Unknown gateway event 'GUILD_AUDIT_LOG_ENTRY_CREATE'
[08/22/23 17:57:23] [WARNING] Unknown gateway event 'GUILD_AUDIT_LOG_ENTRY_CREATE'
[08/22/23 22:23:50] [WARNING] Unknown gateway event 'GUILD_AUDIT_LOG_ENTRY_CREATE'
[08/23/23 10:02:19] [WARNING] Unknown gateway event 'GUILD_AUDIT_LOG_ENTRY_CREATE'
[08/23/23 21:39:59] [WARNING] Unknown gateway event 'GUILD_AUDIT_LOG_ENTRY_CREATE'
[08/23/23 21:40:28] [WARNING] Unknown gateway event 'GUILD_AUDIT_LOG_ENTRY_CREATE'
[08/23/23 21:41:03] [WARNING] Unknown gateway event 'GUILD_AUDIT_LOG_ENTRY_CREATE'
[08/23/23 22:07:43] [ERROR] can't update guild member presence: user id "1052932244630687855" not cached
[08/23/23 22:12:07] [WARNING] Unknown gateway event 'GUILD_AUDIT_LOG_ENTRY_CREATE'
[08/24/23 22:37:32] [WARNING] Unknown gateway event 'GUILD_AUDIT_LOG_ENTRY_CREATE'
[08/26/23 23:22:52] [ERROR] Error while retrieving HTTP POST response from '/api/v8/channels/1137798750622990532/messages': end of stream
[08/27/23 13:13:12] [ERROR] can't update guild member presence: user id "1002771771533053972" not cached
[08/27/23 13:15:00] [WARNING] Unknown gateway event 'GUILD_AUDIT_LOG_ENTRY_CREATE'
[08/27/23 18:15:44] [WARNING] Unknown gateway event 'CHANNEL_TOPIC_UPDATE'
[08/27/23 18:15:44] [WARNING] Unknown gateway event 'VOICE_CHANNEL_STATUS_UPDATE'
[08/27/23 18:42:07] [ERROR] Error while retrieving HTTP POST response from '/api/v8/channels/1138076935642169384/messages': end of stream
[08/27/23 18:51:35] [ERROR] Error while retrieving HTTP POST response from '/api/v8/channels/1138076935642169384/messages': end of stream
[08/27/23 18:51:35] [WARNING] Unknown gateway event 'GUILD_AUDIT_LOG_ENTRY_CREATE'
[08/27/23 19:06:28] [WARNING] Unknown gateway event 'GUILD_AUDIT_LOG_ENTRY_CREATE'
[08/27/23 22:18:31] [WARNING] Unknown gateway event 'GUILD_AUDIT_LOG_ENTRY_CREATE'
[08/27/23 22:18:33] [WARNING] Unknown gateway event 'GUILD_AUDIT_LOG_ENTRY_CREATE'
[08/27/23 22:18:39] [WARNING] Unknown gateway event 'GUILD_AUDIT_LOG_ENTRY_CREATE'
