[08/07/23 18:43:24] [plugins/discord-connector] Unknown gateway event 'GUILD_AUDIT_LOG_ENTRY_CREATE'
[08/07/23 18:43:25] [plugins/discord-connector] Unknown gateway event 'GUILD_AUDIT_LOG_ENTRY_CREATE'
[08/07/23 18:47:55] [plugins/discord-connector] Unknown gateway event 'GUILD_AUDIT_LOG_ENTRY_CREATE'
[08/07/23 18:47:56] [plugins/discord-connector] Unknown gateway event 'GUILD_AUDIT_LOG_ENTRY_CREATE'
[08/07/23 18:50:18] [plugins/discord-connector] Unknown gateway event 'GUILD_AUDIT_LOG_ENTRY_CREATE'
[08/07/23 18:50:19] [plugins/discord-connector] Unknown gateway event 'GUILD_AUDIT_LOG_ENTRY_CREATE'
[08/07/23 18:50:24] [plugins/discord-connector] Unknown gateway event 'GUILD_AUDIT_LOG_ENTRY_CREATE'
[08/07/23 18:51:25] [plugins/discord-connector] Unknown gateway event 'GUILD_AUDIT_LOG_ENTRY_CREATE'
[08/07/23 18:52:34] [plugins/discord-connector] Unknown gateway event 'GUILD_AUDIT_LOG_ENTRY_CREATE'
[08/07/23 18:53:20] [plugins/discord-connector] Unknown gateway event 'GUILD_AUDIT_LOG_ENTRY_CREATE'
[08/07/23 21:33:22] [plugins/discord-connector] Unknown gateway event 'GUILD_AUDIT_LOG_ENTRY_CREATE'
[08/07/23 21:39:02] [plugins/discord-connector] Unknown gateway event 'GUILD_AUDIT_LOG_ENTRY_CREATE'
[08/07/23 21:59:19] [plugins/discord-connector] Unknown gateway event 'CHANNEL_TOPIC_UPDATE'
[08/07/23 21:59:19] [plugins/discord-connector] Unknown gateway event 'VOICE_CHANNEL_STATUS_UPDATE'
[08/07/23 23:28:48] [plugins/discord-connector] Unknown gateway event 'GUILD_AUDIT_LOG_ENTRY_CREATE'
[08/07/23 23:29:01] [plugins/discord-connector] Unknown gateway event 'GUILD_AUDIT_LOG_ENTRY_CREATE'
[08/08/23 00:38:00] [plugins/discord-connector] Unknown gateway event 'GUILD_AUDIT_LOG_ENTRY_CREATE'
[08/08/23 00:38:20] [plugins/discord-connector] Unknown gateway event 'GUILD_AUDIT_LOG_ENTRY_CREATE'
[08/08/23 13:08:04] [plugins/discord-connector] Unknown gateway event 'GUILD_AUDIT_LOG_ENTRY_CREATE'
[08/08/23 15:33:53] [plugins/discord-connector] Unknown gateway event 'GUILD_AUDIT_LOG_ENTRY_CREATE'
[08/08/23 23:32:05] [plugins/discord-connector] Unknown gateway event 'GUILD_AUDIT_LOG_ENTRY_CREATE'
[08/08/23 23:35:56] [plugins/discord-connector] Unknown gateway event 'GUILD_AUDIT_LOG_ENTRY_CREATE'
[08/08/23 23:37:08] [plugins/discord-connector] Unknown gateway event 'GUILD_AUDIT_LOG_ENTRY_CREATE'
[08/08/23 23:40:44] [plugins/discord-connector] Unknown gateway event 'GUILD_AUDIT_LOG_ENTRY_CREATE'
[08/08/23 23:46:51] [plugins/discord-connector] Unknown gateway event 'GUILD_AUDIT_LOG_ENTRY_CREATE'
[08/08/23 23:47:03] [plugins/discord-connector] Unknown gateway event 'GUILD_AUDIT_LOG_ENTRY_CREATE'
[08/08/23 23:47:07] [plugins/discord-connector] Unknown gateway event 'GUILD_AUDIT_LOG_ENTRY_CREATE'
[08/09/23 00:02:05] [plugins/discord-connector] Unknown gateway event 'GUILD_AUDIT_LOG_ENTRY_CREATE'
[08/09/23 00:07:03] [plugins/discord-connector] Unknown gateway event 'GUILD_AUDIT_LOG_ENTRY_CREATE'
[08/09/23 00:14:17] [plugins/discord-connector] Unknown gateway event 'GUILD_AUDIT_LOG_ENTRY_CREATE'
[08/09/23 00:17:14] [plugins/discord-connector] Unknown gateway event 'GUILD_AUDIT_LOG_ENTRY_CREATE'
[08/09/23 00:18:30] [plugins/discord-connector] Unknown gateway event 'GUILD_AUDIT_LOG_ENTRY_CREATE'
[08/09/23 00:19:14] [plugins/discord-connector] Unknown gateway event 'GUILD_AUDIT_LOG_ENTRY_CREATE'
[08/09/23 00:19:44] [plugins/discord-connector] Unknown gateway event 'GUILD_AUDIT_LOG_ENTRY_CREATE'
[08/09/23 00:19:52] [plugins/discord-connector] Unknown gateway event 'GUILD_AUDIT_LOG_ENTRY_CREATE'
[08/09/23 00:19:54] [plugins/discord-connector] Unknown gateway event 'GUILD_AUDIT_LOG_ENTRY_CREATE'
[08/09/23 00:19:59] [plugins/discord-connector] Unknown gateway event 'GUILD_AUDIT_LOG_ENTRY_CREATE'
[08/09/23 00:20:09] [plugins/discord-connector] Unknown gateway event 'GUILD_AUDIT_LOG_ENTRY_CREATE'
[08/09/23 00:20:18] [plugins/discord-connector] Unknown gateway event 'GUILD_AUDIT_LOG_ENTRY_CREATE'
[08/09/23 00:20:28] [plugins/discord-connector] Unknown gateway event 'GUILD_AUDIT_LOG_ENTRY_CREATE'
[08/09/23 00:20:34] [plugins/discord-connector] Unknown gateway event 'GUILD_AUDIT_LOG_ENTRY_CREATE'
[08/09/23 00:20:41] [plugins/discord-connector] Unknown gateway event 'GUILD_AUDIT_LOG_ENTRY_CREATE'
[08/09/23 00:20:48] [plugins/discord-connector] Unknown gateway event 'GUILD_AUDIT_LOG_ENTRY_CREATE'
[08/09/23 00:20:55] [plugins/discord-connector] Unknown gateway event 'GUILD_AUDIT_LOG_ENTRY_CREATE'
[08/09/23 00:21:03] [plugins/discord-connector] Unknown gateway event 'GUILD_AUDIT_LOG_ENTRY_CREATE'
[08/09/23 00:21:07] [plugins/discord-connector] Unknown gateway event 'GUILD_AUDIT_LOG_ENTRY_CREATE'
[08/09/23 00:21:13] [plugins/discord-connector] Unknown gateway event 'GUILD_AUDIT_LOG_ENTRY_CREATE'
[08/09/23 00:21:17] [plugins/discord-connector] Unknown gateway event 'GUILD_AUDIT_LOG_ENTRY_CREATE'
[08/09/23 00:21:21] [plugins/discord-connector] Unknown gateway event 'GUILD_AUDIT_LOG_ENTRY_CREATE'
[08/09/23 00:21:27] [plugins/discord-connector] Unknown gateway event 'GUILD_AUDIT_LOG_ENTRY_CREATE'
[08/09/23 00:21:31] [plugins/discord-connector] Unknown gateway event 'GUILD_AUDIT_LOG_ENTRY_CREATE'
[08/09/23 00:21:35] [plugins/discord-connector] Unknown gateway event 'GUILD_AUDIT_LOG_ENTRY_CREATE'
[08/09/23 00:21:42] [plugins/discord-connector] Unknown gateway event 'GUILD_AUDIT_LOG_ENTRY_CREATE'
[08/09/23 00:21:46] [plugins/discord-connector] Unknown gateway event 'GUILD_AUDIT_LOG_ENTRY_CREATE'
[08/09/23 00:21:52] [plugins/discord-connector] Unknown gateway event 'GUILD_AUDIT_LOG_ENTRY_CREATE'
[08/09/23 00:21:55] [plugins/discord-connector] Unknown gateway event 'GUILD_AUDIT_LOG_ENTRY_CREATE'
[08/09/23 00:22:02] [plugins/discord-connector] Unknown gateway event 'GUILD_AUDIT_LOG_ENTRY_CREATE'
[08/09/23 00:22:07] [plugins/discord-connector] Unknown gateway event 'GUILD_AUDIT_LOG_ENTRY_CREATE'
[08/09/23 00:22:12] [plugins/discord-connector] Unknown gateway event 'GUILD_AUDIT_LOG_ENTRY_CREATE'
[08/09/23 00:22:16] [plugins/discord-connector] Unknown gateway event 'GUILD_AUDIT_LOG_ENTRY_CREATE'
[08/09/23 12:17:46] [plugins/discord-connector] Unknown gateway event 'GUILD_AUDIT_LOG_ENTRY_CREATE'
[08/09/23 12:17:54] [plugins/discord-connector] Unknown gateway event 'GUILD_AUDIT_LOG_ENTRY_CREATE'
[08/09/23 12:17:57] [plugins/discord-connector] Unknown gateway event 'GUILD_AUDIT_LOG_ENTRY_CREATE'
[08/09/23 15:59:59] [plugins/discord-connector] Unknown gateway event 'GUILD_AUDIT_LOG_ENTRY_CREATE'
[08/09/23 21:45:12] [plugins/discord-connector] Unknown gateway event 'GUILD_AUDIT_LOG_ENTRY_CREATE'
[08/09/23 21:50:05] [plugins/discord-connector] Unknown gateway event 'GUILD_AUDIT_LOG_ENTRY_CREATE'
[08/09/23 21:55:11] [plugins/discord-connector] Unknown gateway event 'GUILD_AUDIT_LOG_ENTRY_CREATE'
[08/09/23 21:58:29] [plugins/discord-connector] Unknown gateway event 'GUILD_AUDIT_LOG_ENTRY_CREATE'
[08/09/23 21:59:20] [plugins/discord-connector] Unknown gateway event 'GUILD_AUDIT_LOG_ENTRY_CREATE'
[08/10/23 22:23:06] [plugins/discord-connector] Unknown gateway event 'GUILD_AUDIT_LOG_ENTRY_CREATE'
[08/10/23 22:23:06] [plugins/discord-connector] Unknown gateway event 'GUILD_AUDIT_LOG_ENTRY_CREATE'
[08/12/23 11:11:22] [plugins/discord-connector] Unknown gateway event 'GUILD_AUDIT_LOG_ENTRY_CREATE'
[08/12/23 11:11:34] [plugins/discord-connector] Unknown gateway event 'GUILD_AUDIT_LOG_ENTRY_CREATE'
[08/12/23 17:16:54] [plugins/discord-connector] Unknown gateway event 'GUILD_AUDIT_LOG_ENTRY_CREATE'
[08/12/23 17:25:41] [plugins/discord-connector] Unknown gateway event 'GUILD_AUDIT_LOG_ENTRY_CREATE'
[08/12/23 17:25:45] [plugins/discord-connector] Unknown gateway event 'GUILD_AUDIT_LOG_ENTRY_CREATE'
[08/12/23 17:27:01] [plugins/discord-connector] Unknown gateway event 'GUILD_AUDIT_LOG_ENTRY_CREATE'
[08/13/23 14:55:09] [plugins/discord-connector] Unknown gateway event 'GUILD_AUDIT_LOG_ENTRY_CREATE'
[08/13/23 14:55:16] [plugins/discord-connector] Unknown gateway event 'GUILD_AUDIT_LOG_ENTRY_CREATE'
[08/13/23 14:55:23] [plugins/discord-connector] Unknown gateway event 'GUILD_AUDIT_LOG_ENTRY_CREATE'
[08/13/23 23:09:55] [plugins/discord-connector] Unknown gateway event 'GUILD_AUDIT_LOG_ENTRY_CREATE'
[08/13/23 23:10:01] [plugins/discord-connector] Unknown gateway event 'GUILD_AUDIT_LOG_ENTRY_CREATE'
[08/13/23 23:10:01] [plugins/discord-connector] Unknown gateway event 'GUILD_AUDIT_LOG_ENTRY_CREATE'
[08/13/23 23:10:05] [plugins/discord-connector] Unknown gateway event 'GUILD_AUDIT_LOG_ENTRY_CREATE'
[08/14/23 22:24:06] [plugins/discord-connector] Unknown gateway event 'GUILD_AUDIT_LOG_ENTRY_CREATE'
[08/14/23 22:24:17] [plugins/discord-connector] Unknown gateway event 'GUILD_AUDIT_LOG_ENTRY_CREATE'
[08/14/23 22:35:14] [plugins/discord-connector] Unknown gateway event 'GUILD_AUDIT_LOG_ENTRY_CREATE'
[08/14/23 22:40:43] [plugins/discord-connector] Unknown gateway event 'GUILD_AUDIT_LOG_ENTRY_CREATE'
[08/14/23 22:45:53] [plugins/discord-connector] Unknown gateway event 'GUILD_AUDIT_LOG_ENTRY_CREATE'
[08/14/23 22:45:55] [plugins/discord-connector] Unknown gateway event 'GUILD_AUDIT_LOG_ENTRY_CREATE'
[08/14/23 22:47:53] [plugins/discord-connector] Unknown gateway event 'GUILD_AUDIT_LOG_ENTRY_CREATE'
[08/14/23 22:56:00] [plugins/discord-connector] Unknown gateway event 'GUILD_AUDIT_LOG_ENTRY_CREATE'
[08/14/23 22:56:58] [plugins/discord-connector] Unknown gateway event 'GUILD_AUDIT_LOG_ENTRY_CREATE'
[08/14/23 23:33:41] [plugins/discord-connector] Unknown gateway event 'GUILD_AUDIT_LOG_ENTRY_CREATE'
[08/14/23 23:34:14] [plugins/discord-connector] Unknown gateway event 'GUILD_AUDIT_LOG_ENTRY_CREATE'
[08/14/23 23:37:49] [plugins/discord-connector] Unknown gateway event 'GUILD_AUDIT_LOG_ENTRY_CREATE'
[08/15/23 11:11:03] [plugins/discord-connector] Unknown gateway event 'GUILD_AUDIT_LOG_ENTRY_CREATE'
[08/15/23 12:39:51] [plugins/discord-connector] Unknown gateway event 'GUILD_AUDIT_LOG_ENTRY_CREATE'
[08/15/23 12:39:57] [plugins/discord-connector] Unknown gateway event 'GUILD_AUDIT_LOG_ENTRY_CREATE'
[08/15/23 12:40:00] [plugins/discord-connector] Unknown gateway event 'GUILD_AUDIT_LOG_ENTRY_CREATE'
[08/15/23 12:41:06] [plugins/discord-connector] Unknown gateway event 'GUILD_AUDIT_LOG_ENTRY_CREATE'
[08/15/23 12:57:49] [plugins/discord-connector] Unknown gateway event 'GUILD_AUDIT_LOG_ENTRY_CREATE'
[08/15/23 12:57:53] [plugins/discord-connector] Unknown gateway event 'GUILD_AUDIT_LOG_ENTRY_CREATE'
[08/15/23 13:57:29] [plugins/discord-connector] Unknown gateway event 'GUILD_AUDIT_LOG_ENTRY_CREATE'
[08/15/23 13:58:48] [plugins/discord-connector] Unknown gateway event 'CHANNEL_TOPIC_UPDATE'
[08/15/23 13:58:48] [plugins/discord-connector] Unknown gateway event 'VOICE_CHANNEL_STATUS_UPDATE'
[08/15/23 16:26:14] [plugins/discord-connector] Unknown gateway event 'GUILD_AUDIT_LOG_ENTRY_CREATE'
[08/15/23 19:05:59] [plugins/discord-connector] Unknown gateway event 'GUILD_AUDIT_LOG_ENTRY_CREATE'
[08/15/23 19:08:10] [plugins/discord-connector] Unknown gateway event 'GUILD_AUDIT_LOG_ENTRY_CREATE'
[08/15/23 22:04:21] [plugins/discord-connector] Unknown gateway event 'GUILD_AUDIT_LOG_ENTRY_CREATE'
[08/15/23 22:05:11] [plugins/discord-connector] Unknown gateway event 'GUILD_AUDIT_LOG_ENTRY_CREATE'
[08/16/23 10:56:26] [plugins/discord-connector] Unknown gateway event 'INTEGRATION_DELETE'
[08/16/23 10:56:26] [plugins/discord-connector] Unknown gateway event 'GUILD_AUDIT_LOG_ENTRY_CREATE'
[08/16/23 10:56:26] [plugins/discord-connector] Unknown gateway event 'GUILD_AUDIT_LOG_ENTRY_CREATE'
[08/16/23 10:58:58] [plugins/discord-connector] Unknown gateway event 'INTEGRATION_CREATE'
[08/16/23 10:58:59] [plugins/discord-connector] Unknown gateway event 'GUILD_AUDIT_LOG_ENTRY_CREATE'
[08/16/23 10:58:59] [plugins/discord-connector] Unknown gateway event 'GUILD_AUDIT_LOG_ENTRY_CREATE'
[08/16/23 10:59:33] [plugins/discord-connector] Unknown gateway event 'GUILD_AUDIT_LOG_ENTRY_CREATE'
[08/16/23 10:59:38] [plugins/discord-connector] Unknown gateway event 'GUILD_AUDIT_LOG_ENTRY_CREATE'
[08/16/23 11:00:23] [plugins/discord-connector] Unknown gateway event 'GUILD_AUDIT_LOG_ENTRY_CREATE'
[08/16/23 11:00:23] [plugins/discord-connector] Unknown gateway event 'GUILD_AUDIT_LOG_ENTRY_CREATE'
[08/16/23 11:00:43] [plugins/discord-connector] Unknown gateway event 'INTEGRATION_DELETE'
[08/16/23 11:00:43] [plugins/discord-connector] Unknown gateway event 'GUILD_AUDIT_LOG_ENTRY_CREATE'
[08/16/23 11:00:43] [plugins/discord-connector] Unknown gateway event 'GUILD_AUDIT_LOG_ENTRY_CREATE'
[08/16/23 11:01:21] [plugins/discord-connector] Unknown gateway event 'INTEGRATION_CREATE'
[08/16/23 11:01:21] [plugins/discord-connector] Unknown gateway event 'GUILD_AUDIT_LOG_ENTRY_CREATE'
[08/16/23 11:01:21] [plugins/discord-connector] Unknown gateway event 'GUILD_AUDIT_LOG_ENTRY_CREATE'
[08/16/23 11:03:35] [plugins/discord-connector] Unknown gateway event 'GUILD_AUDIT_LOG_ENTRY_CREATE'
[08/16/23 11:03:35] [plugins/discord-connector] Unknown gateway event 'GUILD_AUDIT_LOG_ENTRY_CREATE'
[08/16/23 11:03:58] [plugins/discord-connector] Unknown gateway event 'GUILD_AUDIT_LOG_ENTRY_CREATE'
[08/16/23 11:04:12] [plugins/discord-connector] Unknown gateway event 'GUILD_AUDIT_LOG_ENTRY_CREATE'
[08/16/23 11:06:55] [plugins/discord-connector] Unknown gateway event 'GUILD_AUDIT_LOG_ENTRY_CREATE'
[08/16/23 11:07:23] [plugins/discord-connector] Unknown gateway event 'GUILD_AUDIT_LOG_ENTRY_CREATE'
[08/17/23 21:04:01] [plugins/discord-connector] Unknown gateway event 'CHANNEL_TOPIC_UPDATE'
[08/17/23 21:04:01] [plugins/discord-connector] Unknown gateway event 'VOICE_CHANNEL_STATUS_UPDATE'
[08/17/23 21:45:53] [plugins/discord-connector] Unknown gateway event 'GUILD_AUDIT_LOG_ENTRY_CREATE'
[08/17/23 21:46:34] [plugins/discord-connector] Unknown gateway event 'GUILD_AUDIT_LOG_ENTRY_CREATE'
[08/17/23 21:47:35] [plugins/discord-connector] Unknown gateway event 'GUILD_AUDIT_LOG_ENTRY_CREATE'
[08/17/23 22:01:33] [plugins/discord-connector] Unknown gateway event 'GUILD_AUDIT_LOG_ENTRY_CREATE'
[08/17/23 22:02:07] [plugins/discord-connector] Unknown gateway event 'GUILD_AUDIT_LOG_ENTRY_CREATE'
[08/17/23 22:02:11] [plugins/discord-connector] Unknown gateway event 'GUILD_AUDIT_LOG_ENTRY_CREATE'
[08/17/23 22:03:56] [plugins/discord-connector] Unknown gateway event 'GUILD_AUDIT_LOG_ENTRY_CREATE'
[08/17/23 22:50:15] [plugins/discord-connector] Unknown gateway event 'GUILD_AUDIT_LOG_ENTRY_CREATE'
[08/17/23 22:50:20] [plugins/discord-connector] Unknown gateway event 'GUILD_AUDIT_LOG_ENTRY_CREATE'
[08/17/23 22:56:28] [plugins/discord-connector] Unknown gateway event 'GUILD_AUDIT_LOG_ENTRY_CREATE'
[08/17/23 22:56:31] [plugins/discord-connector] Unknown gateway event 'GUILD_AUDIT_LOG_ENTRY_CREATE'
[08/17/23 22:56:46] [plugins/discord-connector] Unknown gateway event 'GUILD_AUDIT_LOG_ENTRY_CREATE'
[08/17/23 22:59:10] [plugins/discord-connector] Unknown gateway event 'GUILD_AUDIT_LOG_ENTRY_CREATE'
[08/18/23 12:04:28] [plugins/discord-connector] Unknown gateway event 'GUILD_AUDIT_LOG_ENTRY_CREATE'
[08/18/23 12:05:23] [plugins/discord-connector] Unknown gateway event 'GUILD_AUDIT_LOG_ENTRY_CREATE'
[08/18/23 12:05:41] [plugins/discord-connector] Unknown gateway event 'GUILD_AUDIT_LOG_ENTRY_CREATE'
[08/18/23 12:18:47] [plugins/discord-connector] Unknown gateway event 'GUILD_AUDIT_LOG_ENTRY_CREATE'
[08/18/23 12:18:51] [plugins/discord-connector] Unknown gateway event 'GUILD_AUDIT_LOG_ENTRY_CREATE'
[08/18/23 12:18:55] [plugins/discord-connector] Unknown gateway event 'GUILD_AUDIT_LOG_ENTRY_CREATE'
[08/18/23 12:35:29] [plugins/discord-connector] Unknown gateway event 'GUILD_AUDIT_LOG_ENTRY_CREATE'
[08/18/23 12:38:44] [plugins/discord-connector] Unknown gateway event 'GUILD_AUDIT_LOG_ENTRY_CREATE'
[08/18/23 12:43:21] [plugins/discord-connector] Unknown gateway event 'GUILD_AUDIT_LOG_ENTRY_CREATE'
[08/18/23 12:43:35] [plugins/discord-connector] Unknown gateway event 'GUILD_AUDIT_LOG_ENTRY_CREATE'
[08/18/23 12:46:24] [plugins/discord-connector] Unknown gateway event 'GUILD_AUDIT_LOG_ENTRY_CREATE'
[08/18/23 12:46:29] [plugins/discord-connector] Unknown gateway event 'GUILD_AUDIT_LOG_ENTRY_CREATE'
[08/20/23 11:28:26] [plugins/discord-connector] Unknown gateway event 'GUILD_AUDIT_LOG_ENTRY_CREATE'
[08/20/23 11:29:21] [plugins/discord-connector] Unknown gateway event 'GUILD_AUDIT_LOG_ENTRY_CREATE'
[08/20/23 20:21:11] [plugins/discord-connector] Unknown gateway event 'GUILD_AUDIT_LOG_ENTRY_CREATE'
[08/20/23 20:22:51] [plugins/discord-connector] Unknown gateway event 'GUILD_AUDIT_LOG_ENTRY_CREATE'
[08/20/23 20:22:53] [plugins/discord-connector] Unknown gateway event 'GUILD_AUDIT_LOG_ENTRY_CREATE'
[08/20/23 20:23:07] [plugins/discord-connector] Unknown gateway event 'GUILD_AUDIT_LOG_ENTRY_CREATE'
[08/20/23 20:38:24] [plugins/discord-connector] Unknown gateway event 'GUILD_AUDIT_LOG_ENTRY_CREATE'
[08/20/23 20:38:41] [plugins/discord-connector] Unknown gateway event 'GUILD_AUDIT_LOG_ENTRY_CREATE'
[08/20/23 20:46:54] [plugins/discord-connector] Unknown gateway event 'GUILD_AUDIT_LOG_ENTRY_CREATE'
[08/20/23 21:04:11] [plugins/discord-connector] Unknown gateway event 'GUILD_AUDIT_LOG_ENTRY_CREATE'
[08/20/23 21:06:48] [plugins/discord-connector] Unknown gateway event 'GUILD_AUDIT_LOG_ENTRY_CREATE'
[08/22/23 10:14:59] [plugins/discord-connector] Unknown gateway event 'GUILD_AUDIT_LOG_ENTRY_CREATE'
[08/22/23 10:18:56] [plugins/discord-connector] Unknown gateway event 'GUILD_AUDIT_LOG_ENTRY_CREATE'
[08/22/23 10:19:13] [plugins/discord-connector] Unknown gateway event 'GUILD_AUDIT_LOG_ENTRY_CREATE'
[08/22/23 10:27:23] [plugins/discord-connector] Unknown gateway event 'GUILD_AUDIT_LOG_ENTRY_CREATE'
[08/22/23 15:02:56] [plugins/discord-connector] Unknown gateway event 'GUILD_AUDIT_LOG_ENTRY_CREATE'
[08/22/23 17:46:18] [plugins/discord-connector] Unknown gateway event 'GUILD_AUDIT_LOG_ENTRY_CREATE'
[08/22/23 17:46:32] [plugins/discord-connector] Unknown gateway event 'GUILD_AUDIT_LOG_ENTRY_CREATE'
[08/22/23 17:47:01] [plugins/discord-connector] Unknown gateway event 'GUILD_AUDIT_LOG_ENTRY_CREATE'
[08/22/23 17:47:25] [plugins/discord-connector] Unknown gateway event 'GUILD_AUDIT_LOG_ENTRY_CREATE'
[08/22/23 17:47:54] [plugins/discord-connector] Unknown gateway event 'GUILD_AUDIT_LOG_ENTRY_CREATE'
[08/22/23 17:48:01] [plugins/discord-connector] Unknown gateway event 'GUILD_AUDIT_LOG_ENTRY_CREATE'
[08/22/23 17:49:11] [plugins/discord-connector] Unknown gateway event 'GUILD_AUDIT_LOG_ENTRY_CREATE'
[08/22/23 17:57:23] [plugins/discord-connector] Unknown gateway event 'GUILD_AUDIT_LOG_ENTRY_CREATE'
[08/22/23 22:23:50] [plugins/discord-connector] Unknown gateway event 'GUILD_AUDIT_LOG_ENTRY_CREATE'
[08/23/23 10:02:19] [plugins/discord-connector] Unknown gateway event 'GUILD_AUDIT_LOG_ENTRY_CREATE'
[08/23/23 21:39:59] [plugins/discord-connector] Unknown gateway event 'GUILD_AUDIT_LOG_ENTRY_CREATE'
[08/23/23 21:40:28] [plugins/discord-connector] Unknown gateway event 'GUILD_AUDIT_LOG_ENTRY_CREATE'
[08/23/23 21:41:03] [plugins/discord-connector] Unknown gateway event 'GUILD_AUDIT_LOG_ENTRY_CREATE'
[08/23/23 22:12:07] [plugins/discord-connector] Unknown gateway event 'GUILD_AUDIT_LOG_ENTRY_CREATE'
[08/24/23 22:37:32] [plugins/discord-connector] Unknown gateway event 'GUILD_AUDIT_LOG_ENTRY_CREATE'
[08/27/23 13:15:00] [plugins/discord-connector] Unknown gateway event 'GUILD_AUDIT_LOG_ENTRY_CREATE'
[08/27/23 18:15:44] [plugins/discord-connector] Unknown gateway event 'CHANNEL_TOPIC_UPDATE'
[08/27/23 18:15:44] [plugins/discord-connector] Unknown gateway event 'VOICE_CHANNEL_STATUS_UPDATE'
[08/27/23 18:51:35] [plugins/discord-connector] Unknown gateway event 'GUILD_AUDIT_LOG_ENTRY_CREATE'
[08/27/23 19:06:28] [plugins/discord-connector] Unknown gateway event 'GUILD_AUDIT_LOG_ENTRY_CREATE'
[08/27/23 22:18:31] [plugins/discord-connector] Unknown gateway event 'GUILD_AUDIT_LOG_ENTRY_CREATE'
[08/27/23 22:18:33] [plugins/discord-connector] Unknown gateway event 'GUILD_AUDIT_LOG_ENTRY_CREATE'
[08/27/23 22:18:39] [plugins/discord-connector] Unknown gateway event 'GUILD_AUDIT_LOG_ENTRY_CREATE'
